<?xml version="1.0" encoding="UTF-8"?>
<testng-results ignored="0" total="5" passed="5" failed="0" skipped="0">
  <reporter-output>
  </reporter-output>
  <suite started-at="2023-06-11T09:05:48 EEST" name="Calculation Total Amount" finished-at="2023-06-11T09:05:50 EEST" duration-ms="2230">
    <groups>
    </groups>
    <test started-at="2023-06-11T09:05:48 EEST" name="Operation Smoke" finished-at="2023-06-11T09:05:50 EEST" duration-ms="2230">
      <class name="operations.TestFeeCalculation">
        <test-method signature="calculateAmountLarge(int,int,double)[pri:0, instance:operations.TestFeeCalculation@5f462e3b]" started-at="2023-06-11T09:05:50 EEST" name="calculateAmountLarge" description="Test Total Amount where purchases value &gt;= 7" data-provider="dataFromDBLarge" finished-at="2023-06-11T09:05:50 EEST" duration-ms="219" status="PASS">
          <params>
            <param index="0">
              <value>
                <![CDATA[1000]]>
              </value>
            </param>
            <param index="1">
              <value>
                <![CDATA[10]]>
              </value>
            </param>
            <param index="2">
              <value>
                <![CDATA[1.0]]>
              </value>
            </param>
          </params>
          <reporter-output>
          </reporter-output>
        </test-method> <!-- calculateAmountLarge -->
        <test-method signature="calculateAmountLarge(int,int,double)[pri:0, instance:operations.TestFeeCalculation@5f462e3b]" started-at="2023-06-11T09:05:50 EEST" name="calculateAmountLarge" description="Test Total Amount where purchases value &gt;= 7" data-provider="dataFromDBLarge" finished-at="2023-06-11T09:05:50 EEST" duration-ms="4" status="PASS">
          <params>
            <param index="0">
              <value>
                <![CDATA[3000]]>
              </value>
            </param>
            <param index="1">
              <value>
                <![CDATA[40]]>
              </value>
            </param>
            <param index="2">
              <value>
                <![CDATA[1.0]]>
              </value>
            </param>
          </params>
          <reporter-output>
          </reporter-output>
        </test-method> <!-- calculateAmountLarge -->
        <test-method signature="calculateAmountLarge(int,int,double)[pri:0, instance:operations.TestFeeCalculation@5f462e3b]" started-at="2023-06-11T09:05:50 EEST" name="calculateAmountLarge" description="Test Total Amount where purchases value &gt;= 7" data-provider="dataFromDBLarge" finished-at="2023-06-11T09:05:50 EEST" duration-ms="4" status="PASS">
          <params>
            <param index="0">
              <value>
                <![CDATA[80]]>
              </value>
            </param>
            <param index="1">
              <value>
                <![CDATA[8]]>
              </value>
            </param>
            <param index="2">
              <value>
                <![CDATA[5.0]]>
              </value>
            </param>
          </params>
          <reporter-output>
          </reporter-output>
        </test-method> <!-- calculateAmountLarge -->
        <test-method signature="calculateAmountSmall(int,int,double)[pri:0, instance:operations.TestFeeCalculation@5f462e3b]" started-at="2023-06-11T09:05:50 EEST" name="calculateAmountSmall" description="Test Total Amount where purchases value &lt; 7" data-provider="dataFromDBSmall" finished-at="2023-06-11T09:05:50 EEST" duration-ms="5" status="PASS">
          <params>
            <param index="0">
              <value>
                <![CDATA[200]]>
              </value>
            </param>
            <param index="1">
              <value>
                <![CDATA[3]]>
              </value>
            </param>
            <param index="2">
              <value>
                <![CDATA[5.0]]>
              </value>
            </param>
          </params>
          <reporter-output>
          </reporter-output>
        </test-method> <!-- calculateAmountSmall -->
        <test-method signature="calculateAmountSmall(int,int,double)[pri:0, instance:operations.TestFeeCalculation@5f462e3b]" started-at="2023-06-11T09:05:50 EEST" name="calculateAmountSmall" description="Test Total Amount where purchases value &lt; 7" data-provider="dataFromDBSmall" finished-at="2023-06-11T09:05:50 EEST" duration-ms="5" status="PASS">
          <params>
            <param index="0">
              <value>
                <![CDATA[300]]>
              </value>
            </param>
            <param index="1">
              <value>
                <![CDATA[5]]>
              </value>
            </param>
            <param index="2">
              <value>
                <![CDATA[10.0]]>
              </value>
            </param>
          </params>
          <reporter-output>
          </reporter-output>
        </test-method> <!-- calculateAmountSmall -->
      </class> <!-- operations.TestFeeCalculation -->
    </test> <!-- Operation Smoke -->
  </suite> <!-- Calculation Total Amount -->
</testng-results>
