<?xml version="1.0" encoding="UTF-8"?>
<testsuite xmlns:xsi="http://www.w3.org/2001/XMLSchema-instance" xsi:noNamespaceSchemaLocation="https://maven.apache.org/surefire/maven-surefire-plugin/xsd/surefire-test-report-3.0.xsd" version="3.0" name="TestSuite" time="6.632" tests="5" errors="0" skipped="0" failures="0">
  <properties>
[...]
</properties>
  <testcase name="calculateAmountLarge[1000, 10, 1.0](1)" classname="operations.TestFeeCalculation" time="0.678">
    <system-out><![CDATA[Total Amount: 1005.0
Total Purchases: 11
]]></system-out>
    <system-err><![CDATA[SLF4J: Failed to load class "org.slf4j.impl.StaticLoggerBinder".
SLF4J: Defaulting to no-operation (NOP) logger implementation
SLF4J: See http://www.slf4j.org/codes.html#StaticLoggerBinder for further details.
]]></system-err>
  </testcase>
  <testcase name="calculateAmountLarge[3000, 40, 1.0](2)" classname="operations.TestFeeCalculation" time="0.043">
    <system-out><![CDATA[Total Amount: 3015.0
Total Purchases: 41
]]></system-out>
  </testcase>
  <testcase name="calculateAmountLarge[80, 8, 5.0](3)" classname="operations.TestFeeCalculation" time="0.007">
    <system-out><![CDATA[Total Amount: 82.0
Total Purchases: 9
]]></system-out>
  </testcase>
  <testcase name="calculateAmountSmall[200, 3, 5.0](1)" classname="operations.TestFeeCalculation" time="0.037">
    <system-out><![CDATA[Total Amount: 210.0
Total Purchases: 4
]]></system-out>
  </testcase>
  <testcase name="calculateAmountSmall[300, 5, 10.0](2)" classname="operations.TestFeeCalculation" time="0.031">
    <system-out><![CDATA[Total Amount: 330.0
Total Purchases: 6
]]></system-out>
  </testcase>
</testsuite>