<?xml version="1.0" encoding="UTF-8"?>
<!-- Generated by org.testng.reporters.JUnitXMLReporter -->
<testsuite ignored="0" hostname="DESKTOP-G73396H" failures="0" tests="5" name="Operation Smoke" time="2.23" errors="0" timestamp="2023-06-11T09:05:51 EEST">
  <testcase classname="operations.TestFeeCalculation" name="calculateAmountLarge" time="0.219"/>
  <testcase classname="operations.TestFeeCalculation" name="calculateAmountLarge" time="0.004"/>
  <testcase classname="operations.TestFeeCalculation" name="calculateAmountLarge" time="0.004"/>
  <testcase classname="operations.TestFeeCalculation" name="calculateAmountSmall" time="0.005"/>
  <testcase classname="operations.TestFeeCalculation" name="calculateAmountSmall" time="0.005"/>
</testsuite> <!-- Operation Smoke -->
