<?xml version="1.0" encoding="UTF-8"?>
<testsuite name="Operation Smoke"
           tests="5"
           failures="0"
           errors="0"
           skipped="0"
           time="0,237">
    <properties></properties>



            <testcase
                name="calculateAmountLarge"
                time="0,219"
                classname="operations.TestFeeCalculation">
            </testcase>
            <testcase
                name="calculateAmountLarge"
                time="0,004"
                classname="operations.TestFeeCalculation">
            </testcase>
            <testcase
                name="calculateAmountSmall"
                time="0,005"
                classname="operations.TestFeeCalculation">
            </testcase>
            <testcase
                name="calculateAmountSmall"
                time="0,005"
                classname="operations.TestFeeCalculation">
            </testcase>
            <testcase
                name="calculateAmountLarge"
                time="0,004"
                classname="operations.TestFeeCalculation">
            </testcase>
</testsuite>
